<?xml version="1.0" encoding="UTF-8"?>
<!-- Generated by org.testng.reporters.JUnitXMLReporter -->
<testsuite hostname="Kripal-VAIO" ignored="0" name="Test" tests="6" failures="0" timestamp="20 Mar 2019 08:50:26 GMT" time="0.108" errors="0">
  <testcase name="Adminpasscheck" time="0.015" classname="com.qatester.app.SeleniumTest"/>
  <testcase name="Passwordcheck" time="0.0" classname="com.qatester.app.SeleniumTest"/>
  <testcase name="Adminlogin" time="0.015" classname="com.qatester.app.SeleniumTest2"/>
  <testcase name="userlogin" time="0.0" classname="com.qatester.app.SeleniumTest2"/>
  <testcase name="AdminHome" time="0.0" classname="com.qatester.app.SeleniumTest3"/>
  <testcase name="userhome" time="0.0" classname="com.qatester.app.SeleniumTest3"/>
</testsuite> <!-- Test -->
